<?xml version="1.0" encoding="UTF-8"?>
<!-- Generated by org.testng.reporters.JUnitXMLReporter -->
<testsuite hostname="Mushtaq-Sayyed.local" ignored="0" name="Test" tests="2" failures="2" timestamp="2022-08-08T17:36:03 IST" time="0.064" errors="0">
  <testcase name="atLeastOneWicketKeeper" time="0.021" classname="testcases.testcaseFile">
    <failure type="java.lang.AssertionError" message="expected [true] but found [false]">
      <![CDATA[java.lang.AssertionError: expected [true] but found [false]
at pageObjects.jsonValidator.atLeastOneWicketKeeperValidation(jsonValidator.java:60)
at testcases.testcaseFile.atLeastOneWicketKeeper(testcaseFile.java:24)
at java.util.ArrayList.forEach(ArrayList.java:1259)
... Removed 31 stack frames]]>
    </failure>
  </testcase> <!-- atLeastOneWicketKeeper -->
  <testcase name="countNumberOfForeignPlayers" time="0.002" classname="testcases.testcaseFile">
    <failure type="java.lang.AssertionError" message="expected [true] but found [false]">
      <![CDATA[java.lang.AssertionError: expected [true] but found [false]
at pageObjects.jsonValidator.atLeastOneWicketKeeperValidation(jsonValidator.java:60)
at testcases.testcaseFile.countNumberOfForeignPlayers(testcaseFile.java:17)
at java.util.ArrayList.forEach(ArrayList.java:1259)
... Removed 31 stack frames]]>
    </failure>
  </testcase> <!-- countNumberOfForeignPlayers -->
</testsuite> <!-- Test -->
