<?xml version="1.0" encoding="UTF-8"?>
<testng-results skipped="0" failed="0" ignored="0" total="2" passed="2">
  <reporter-output>
  </reporter-output>
  <suite name="Suite" duration-ms="40" started-at="2022-08-08T20:01:53 IST" finished-at="2022-08-08T20:01:53 IST">
    <groups>
    </groups>
    <test name="Test" duration-ms="40" started-at="2022-08-08T20:01:53 IST" finished-at="2022-08-08T20:01:53 IST">
      <class name="testcases.testcaseFile">
        <test-method status="PASS" signature="atLeastOneWicketKeeper()[pri:0, instance:testcases.testcaseFile@31a5c39e]" name="atLeastOneWicketKeeper" duration-ms="11" started-at="2022-08-08T20:01:53 IST" finished-at="2022-08-08T20:01:53 IST">
          <reporter-output>
          </reporter-output>
        </test-method> <!-- atLeastOneWicketKeeper -->
        <test-method status="PASS" signature="countNumberOfForeignPlayers()[pri:0, instance:testcases.testcaseFile@31a5c39e]" name="countNumberOfForeignPlayers" duration-ms="1" started-at="2022-08-08T20:01:53 IST" finished-at="2022-08-08T20:01:53 IST">
          <reporter-output>
          </reporter-output>
        </test-method> <!-- countNumberOfForeignPlayers -->
      </class> <!-- testcases.testcaseFile -->
    </test> <!-- Test -->
  </suite> <!-- Suite -->
</testng-results>
