<?xml version="1.0" encoding="UTF-8"?>
<testng-results skipped="0" failed="0" ignored="0" total="2" passed="2">
  <reporter-output>
  </reporter-output>
  <suite name="Default suite" duration-ms="59" started-at="2022-08-08T17:50:09 IST" finished-at="2022-08-08T17:50:09 IST">
    <groups>
    </groups>
    <test name="Default test" duration-ms="59" started-at="2022-08-08T17:50:09 IST" finished-at="2022-08-08T17:50:09 IST">
      <class name="testcases.testcaseFile">
        <test-method status="PASS" signature="atLeastOneWicketKeeper()[pri:0, instance:testcases.testcaseFile@610694f1]" name="atLeastOneWicketKeeper" duration-ms="19" started-at="2022-08-08T17:50:09 IST" finished-at="2022-08-08T17:50:09 IST">
          <reporter-output>
          </reporter-output>
        </test-method> <!-- atLeastOneWicketKeeper -->
        <test-method status="PASS" signature="countNumberOfForeignPlayers()[pri:0, instance:testcases.testcaseFile@610694f1]" name="countNumberOfForeignPlayers" duration-ms="2" started-at="2022-08-08T17:50:09 IST" finished-at="2022-08-08T17:50:09 IST">
          <reporter-output>
          </reporter-output>
        </test-method> <!-- countNumberOfForeignPlayers -->
      </class> <!-- testcases.testcaseFile -->
    </test> <!-- Default test -->
  </suite> <!-- Default suite -->
</testng-results>
